<?xml version="1.0" encoding="UTF-8"?>
<!-- Generated by org.testng.reporters.JUnitXMLReporter -->
<testsuite hostname="t450-PC" name="指标新增" tests="4" failures="1" timestamp="17 May 2017 09:22:03 GMT" time="47.433" errors="0">
  <testcase name="ClikAddButton_Zhuanxiang" time="9.085" classname="fasp.common.po.test.ZhiBiaoAddTest"/>
  <testcase name="ClickAddButton" time="5.181" classname="fasp.common.po.test.ZhiBiaoAddTest"/>
  <testcase name="NewModule" time="22.469" classname="fasp.common.po.test.ZhiBiaoAddTest"/>
  <testcase name="Choosemodule" time="10.681" classname="fasp.common.po.test.ZhiBiaoAddTest">
    <failure type="org.openqa.selenium.NoSuchElementException" message="Cannot locate element with text: 付有翔测试模板
For documentation on this error, please visit: http://seleniumhq.org/exceptions/no_such_element.html
Build info: version: &amp;apos;2.45.0&amp;apos;, revision: &amp;apos;32a636c&amp;apos;, time: &amp;apos;2015-03-05 22:01:35&amp;apos;
System info: host: &amp;apos;t450-PC&amp;apos;, ip: &amp;apos;192.168.31.103&amp;apos;, os.name: &amp;apos;Windows 7&amp;apos;, os.arch: &amp;apos;x86&amp;apos;, os.version: &amp;apos;6.1&amp;apos;, java.version: &amp;apos;1.7.0_79&amp;apos;
Driver info: driver.version: unknown">
      <![CDATA[org.openqa.selenium.NoSuchElementException: Cannot locate element with text: 付有翔测试模板
For documentation on this error, please visit: http://seleniumhq.org/exceptions/no_such_element.html
Build info: version: '2.45.0', revision: '32a636c', time: '2015-03-05 22:01:35'
System info: host: 't450-PC', ip: '192.168.31.103', os.name: 'Windows 7', os.arch: 'x86', os.version: '6.1', java.version: '1.7.0_79'
Driver info: driver.version: unknown
	at org.openqa.selenium.support.ui.Select.selectByVisibleText(Select.java:149)
	at fasp.common.po.ZhiBiaoAdd.Choosemodule(ZhiBiaoAdd.java:387)
	at fasp.common.po.test.ZhiBiaoAddTest.Choosemodule(ZhiBiaoAddTest.java:61)
... Removed 24 stack frames]]>
    </failure>
  </testcase> <!-- Choosemodule -->
</testsuite> <!-- 指标新增 -->
