<?xml version="1.0" encoding="UTF-8"?>
<!-- Generated by org.testng.reporters.JUnitXMLReporter -->
<testsuite hostname="FuYouXiang" name="普通录入" tests="12" failures="1" timestamp="29 Nov 2018 02:22:40 GMT" time="2235.824" errors="0">
  <testcase name="Sleep20" time="20.001" classname="fasp.PayAccredit.po.test.PuTongZhuanZhangInputTest"/>
  <testcase name="menuFrameZhuYe" time="0.051" classname="fasp.PayAccredit.po.test.PuTongZhuanZhangInputTest"/>
  <testcase name="TestButton" time="0.206" classname="fasp.PayAccredit.po.test.PuTongZhuanZhangInputTest"/>
  <testcase name="IWantPayButton" time="0.397" classname="fasp.PayAccredit.po.test.PuTongZhuanZhangInputTest"/>
  <testcase name="XianJinYeWuButton" time="3.403" classname="fasp.PayAccredit.po.test.PuTongZhuanZhangInputTest"/>
  <testcase name="JumpmenuFrame" time="0.049" classname="fasp.PayAccredit.po.test.PuTongZhuanZhangInputTest"/>
  <testcase name="menuFrameXianJin" time="0.058" classname="fasp.PayAccredit.po.test.PuTongZhuanZhangInputTest"/>
  <testcase name="Sleep5" time="5.001" classname="fasp.PayAccredit.po.test.PuTongZhuanZhangInputTest"/>
  <testcase name="GaoJiChaXun" time="0.179" classname="fasp.PayAccredit.po.test.PuTongZhuanZhangInputTest"/>
  <testcase name="ZhiBiaoChoose" time="0.35" classname="fasp.PayAccredit.po.test.PuTongZhuanZhangInputTest"/>
  <testcase name="LianXunButton" time="0.114" classname="fasp.PayAccredit.po.test.PuTongZhuanZhangInputTest"/>
  <testcase name="inputMessage" time="2205.988" classname="fasp.PayAccredit.po.test.PuTongZhuanZhangInputTest">
    <failure type="org.openqa.selenium.WebDriverException" message="unknown error: Element &amp;lt;button type=&amp;quot;button&amp;quot; class=&amp;quot;btn btn-primary&amp;quot; onclick=&amp;quot;saveBillData1(&amp;apos;PT&amp;apos;)&amp;quot;&amp;gt;...&amp;lt;/button&amp;gt; is not clickable at point (1766, 424). Other element would receive the click: &amp;lt;div id=&amp;quot;config-modal&amp;quot; class=&amp;quot;bs-modal-sm&amp;quot;&amp;gt;...&amp;lt;/div&amp;gt;
  (Session info: chrome=70.0.3538.110)
  (Driver info: chromedriver=2.42.591088 (7b2b2dca23cca0862f674758c9a3933e685c27d5),platform=Windows NT 6.1.7601 SP1 x86_64) (WARNING: The server did not provide any stacktrace information)
Command duration or timeout: 47 milliseconds
Build info: version: &amp;apos;2.45.0&amp;apos;, revision: &amp;apos;32a636c&amp;apos;, time: &amp;apos;2015-03-05 22:01:35&amp;apos;
System info: host: &amp;apos;FuYouXiang&amp;apos;, ip: &amp;apos;10.6.228.14&amp;apos;, os.name: &amp;apos;Windows 7&amp;apos;, os.arch: &amp;apos;x86&amp;apos;, os.version: &amp;apos;6.1&amp;apos;, java.version: &amp;apos;1.7.0_79&amp;apos;
Session ID: 066c1b6f0331659950c543b3ae23643a
Driver info: org.openqa.selenium.chrome.ChromeDriver
Capabilities [{platform=XP, javascriptEnabled=true, acceptSslCerts=false, browserName=chrome, chrome={userDataDir=C:\Users\ADMINI~1\AppData\Local\Temp\scoped_dir89300_6455, chromedriverVersion=2.42.591088 (7b2b2dca23cca0862f674758c9a3933e685c27d5)}, networkConnectionEnabled=false, unexpectedAlertBehaviour=, rotatable=false, locationContextEnabled=true, mobileEmulationEnabled=false, setWindowRect=true, goog:chromeOptions={debuggerAddress=localhost:59725}, version=70.0.3538.110, pageLoadStrategy=normal, takesHeapSnapshot=true, databaseEnabled=false, cssSelectorsEnabled=true, handlesAlerts=true, browserConnectionEnabled=false, nativeEvents=true, webStorageEnabled=true, hasTouchScreen=false, applicationCacheEnabled=false, takesScreenshot=true, acceptInsecureCerts=false}]">
      <![CDATA[org.openqa.selenium.WebDriverException: unknown error: Element <button type="button" class="btn btn-primary" onclick="saveBillData1('PT')">...</button> is not clickable at point (1766, 424). Other element would receive the click: <div id="config-modal" class="bs-modal-sm">...</div>
  (Session info: chrome=70.0.3538.110)
  (Driver info: chromedriver=2.42.591088 (7b2b2dca23cca0862f674758c9a3933e685c27d5),platform=Windows NT 6.1.7601 SP1 x86_64) (WARNING: The server did not provide any stacktrace information)
Command duration or timeout: 47 milliseconds
Build info: version: '2.45.0', revision: '32a636c', time: '2015-03-05 22:01:35'
System info: host: 'FuYouXiang', ip: '10.6.228.14', os.name: 'Windows 7', os.arch: 'x86', os.version: '6.1', java.version: '1.7.0_79'
Session ID: 066c1b6f0331659950c543b3ae23643a
Driver info: org.openqa.selenium.chrome.ChromeDriver
Capabilities [{platform=XP, javascriptEnabled=true, acceptSslCerts=false, browserName=chrome, chrome={userDataDir=C:\Users\ADMINI~1\AppData\Local\Temp\scoped_dir89300_6455, chromedriverVersion=2.42.591088 (7b2b2dca23cca0862f674758c9a3933e685c27d5)}, networkConnectionEnabled=false, unexpectedAlertBehaviour=, rotatable=false, locationContextEnabled=true, mobileEmulationEnabled=false, setWindowRect=true, goog:chromeOptions={debuggerAddress=localhost:59725}, version=70.0.3538.110, pageLoadStrategy=normal, takesHeapSnapshot=true, databaseEnabled=false, cssSelectorsEnabled=true, handlesAlerts=true, browserConnectionEnabled=false, nativeEvents=true, webStorageEnabled=true, hasTouchScreen=false, applicationCacheEnabled=false, takesScreenshot=true, acceptInsecureCerts=false}]
	at org.openqa.selenium.remote.ErrorHandler.createThrowable(ErrorHandler.java:204)
	at org.openqa.selenium.remote.ErrorHandler.throwIfResponseFailed(ErrorHandler.java:156)
	at org.openqa.selenium.remote.RemoteWebDriver.execute(RemoteWebDriver.java:599)
	at org.openqa.selenium.remote.RemoteWebElement.execute(RemoteWebElement.java:268)
	at org.openqa.selenium.remote.RemoteWebElement.click(RemoteWebElement.java:79)
	at org.openqa.selenium.support.pagefactory.internal.LocatingElementHandler.invoke(LocatingElementHandler.java:50)
	at com.sun.proxy.$Proxy7.click(Unknown Source)
	at fasp.PayAccredit.po.PuTongZhuanZhangInput.SaveButton(PuTongZhuanZhangInput.java:646)
	at fasp.PayAccredit.po.test.PuTongZhuanZhangInputTest.inputMessage(PuTongZhuanZhangInputTest.java:258)
... Removed 31 stack frames]]>
    </failure>
  </testcase> <!-- inputMessage -->
</testsuite> <!-- 普通录入 -->
