<html>
<head>
<title>TestNG:  普通录入</title>
<link href="../testng.css" rel="stylesheet" type="text/css" />
<link href="../my-testng.css" rel="stylesheet" type="text/css" />

<style type="text/css">
.log { display: none;} 
.stack-trace { display: none;} 
</style>
<script type="text/javascript">
<!--
function flip(e) {
  current = e.style.display;
  if (current == 'block') {
    e.style.display = 'none';
    return 0;
  }
  else {
    e.style.display = 'block';
    return 1;
  }
}

function toggleBox(szDivId, elem, msg1, msg2)
{
  var res = -1;  if (document.getElementById) {
    res = flip(document.getElementById(szDivId));
  }
  else if (document.all) {
    // this is the way old msie versions work
    res = flip(document.all[szDivId]);
  }
  if(elem) {
    if(res == 0) elem.innerHTML = msg1; else elem.innerHTML = msg2;
  }

}

function toggleAllBoxes() {
  if (document.getElementsByTagName) {
    d = document.getElementsByTagName('div');
    for (i = 0; i < d.length; i++) {
      if (d[i].className == 'log') {
        flip(d[i]);
      }
    }
  }
}

// -->
</script>

</head>
<body>
<h2 align='center'>普通录入</h2><table border='1' align="center">
<tr>
<td>Tests passed/Failed/Skipped:</td><td>11/1/0</td>
</tr><tr>
<td>Started on:</td><td>Thu Nov 29 09:45:25 CST 2018</td>
</tr>
<tr><td>Total time:</td><td>2235 seconds (2235824 ms)</td>
</tr><tr>
<td>Included groups:</td><td></td>
</tr><tr>
<td>Excluded groups:</td><td></td>
</tr>
</table><p/>
<small><i>(Hover the method name to see the test class name)</i></small><p/>
<table width='100%' border='1' class='invocation-failed'>
<tr><td colspan='4' align='center'><b>FAILED TESTS</b></td></tr>
<tr><td><b>Test method</b></td>
<td width="30%"><b>Exception</b></td>
<td width="10%"><b>Time (seconds)</b></td>
<td><b>Instance</b></td>
</tr>
<tr>
<td title='fasp.PayAccredit.po.test.PuTongZhuanZhangInputTest.inputMessage()'><b>inputMessage</b><br>Test class: fasp.PayAccredit.po.test.PuTongZhuanZhangInputTest<br>Parameters: 10000, 1.11, 付有翔自动化测试摘要, 自动化测试账户, 12345678901234, 中国农业银行济南市和平支行泺源分理处</td>
<td><div><pre>org.openqa.selenium.WebDriverException: unknown error: Element &lt;button type=&quot;button&quot; class=&quot;btn btn-primary&quot; onclick=&quot;saveBillData1(&apos;PT&apos;)&quot;&gt;...&lt;/button&gt; is not clickable at point (1766, 424). Other element would receive the click: &lt;div id=&quot;config-modal&quot; class=&quot;bs-modal-sm&quot;&gt;...&lt;/div&gt;
  (Session info: chrome=70.0.3538.110)
  (Driver info: chromedriver=2.42.591088 (7b2b2dca23cca0862f674758c9a3933e685c27d5),platform=Windows NT 6.1.7601 SP1 x86_64) (WARNING: The server did not provide any stacktrace information)
Command duration or timeout: 47 milliseconds
Build info: version: &apos;2.45.0&apos;, revision: &apos;32a636c&apos;, time: &apos;2015-03-05 22:01:35&apos;
System info: host: &apos;FuYouXiang&apos;, ip: &apos;10.6.228.14&apos;, os.name: &apos;Windows 7&apos;, os.arch: &apos;x86&apos;, os.version: &apos;6.1&apos;, java.version: &apos;1.7.0_79&apos;
Session ID: 066c1b6f0331659950c543b3ae23643a
Driver info: org.openqa.selenium.chrome.ChromeDriver
Capabilities [{platform=XP, javascriptEnabled=true, acceptSslCerts=false, browserName=chrome, chrome={userDataDir=C:\Users\ADMINI~1\AppData\Local\Temp\scoped_dir89300_6455, chromedriverVersion=2.42.591088 (7b2b2dca23cca0862f674758c9a3933e685c27d5)}, networkConnectionEnabled=false, unexpectedAlertBehaviour=, rotatable=false, locationContextEnabled=true, mobileEmulationEnabled=false, setWindowRect=true, goog:chromeOptions={debuggerAddress=localhost:59725}, version=70.0.3538.110, pageLoadStrategy=normal, takesHeapSnapshot=true, databaseEnabled=false, cssSelectorsEnabled=true, handlesAlerts=true, browserConnectionEnabled=false, nativeEvents=true, webStorageEnabled=true, hasTouchScreen=false, applicationCacheEnabled=false, takesScreenshot=true, acceptInsecureCerts=false}]
	at org.openqa.selenium.remote.ErrorHandler.createThrowable(ErrorHandler.java:204)
	at org.openqa.selenium.remote.ErrorHandler.throwIfResponseFailed(ErrorHandler.java:156)
	at org.openqa.selenium.remote.RemoteWebDriver.execute(RemoteWebDriver.java:599)
	at org.openqa.selenium.remote.RemoteWebElement.execute(RemoteWebElement.java:268)
	at org.openqa.selenium.remote.RemoteWebElement.click(RemoteWebElement.java:79)
	at org.openqa.selenium.support.pagefactory.internal.LocatingElementHandler.invoke(LocatingElementHandler.java:50)
	at com.sun.proxy.$Proxy7.click(Unknown Source)
	at fasp.PayAccredit.po.PuTongZhuanZhangInput.SaveButton(PuTongZhuanZhangInput.java:646)
	at fasp.PayAccredit.po.test.PuTongZhuanZhangInputTest.inputMessage(PuTongZhuanZhangInputTest.java:258)
... Removed 31 stack frames</pre></div><a href='#' onClick='toggleBox("stack-trace13176", this, "Click to show all stack frames", "Click to hide stack frames")'>Click to show all stack frames</a>
<div class='stack-trace' id='stack-trace13176'><pre>org.openqa.selenium.WebDriverException: unknown error: Element &lt;button type=&quot;button&quot; class=&quot;btn btn-primary&quot; onclick=&quot;saveBillData1(&apos;PT&apos;)&quot;&gt;...&lt;/button&gt; is not clickable at point (1766, 424). Other element would receive the click: &lt;div id=&quot;config-modal&quot; class=&quot;bs-modal-sm&quot;&gt;...&lt;/div&gt;
  (Session info: chrome=70.0.3538.110)
  (Driver info: chromedriver=2.42.591088 (7b2b2dca23cca0862f674758c9a3933e685c27d5),platform=Windows NT 6.1.7601 SP1 x86_64) (WARNING: The server did not provide any stacktrace information)
Command duration or timeout: 47 milliseconds
Build info: version: &apos;2.45.0&apos;, revision: &apos;32a636c&apos;, time: &apos;2015-03-05 22:01:35&apos;
System info: host: &apos;FuYouXiang&apos;, ip: &apos;10.6.228.14&apos;, os.name: &apos;Windows 7&apos;, os.arch: &apos;x86&apos;, os.version: &apos;6.1&apos;, java.version: &apos;1.7.0_79&apos;
Session ID: 066c1b6f0331659950c543b3ae23643a
Driver info: org.openqa.selenium.chrome.ChromeDriver
Capabilities [{platform=XP, javascriptEnabled=true, acceptSslCerts=false, browserName=chrome, chrome={userDataDir=C:\Users\ADMINI~1\AppData\Local\Temp\scoped_dir89300_6455, chromedriverVersion=2.42.591088 (7b2b2dca23cca0862f674758c9a3933e685c27d5)}, networkConnectionEnabled=false, unexpectedAlertBehaviour=, rotatable=false, locationContextEnabled=true, mobileEmulationEnabled=false, setWindowRect=true, goog:chromeOptions={debuggerAddress=localhost:59725}, version=70.0.3538.110, pageLoadStrategy=normal, takesHeapSnapshot=true, databaseEnabled=false, cssSelectorsEnabled=true, handlesAlerts=true, browserConnectionEnabled=false, nativeEvents=true, webStorageEnabled=true, hasTouchScreen=false, applicationCacheEnabled=false, takesScreenshot=true, acceptInsecureCerts=false}]
	at sun.reflect.NativeConstructorAccessorImpl.newInstance0(Native Method)
	at sun.reflect.NativeConstructorAccessorImpl.newInstance(Unknown Source)
	at sun.reflect.DelegatingConstructorAccessorImpl.newInstance(Unknown Source)
	at java.lang.reflect.Constructor.newInstance(Unknown Source)
	at org.openqa.selenium.remote.ErrorHandler.createThrowable(ErrorHandler.java:204)
	at org.openqa.selenium.remote.ErrorHandler.throwIfResponseFailed(ErrorHandler.java:156)
	at org.openqa.selenium.remote.RemoteWebDriver.execute(RemoteWebDriver.java:599)
	at org.openqa.selenium.remote.RemoteWebElement.execute(RemoteWebElement.java:268)
	at org.openqa.selenium.remote.RemoteWebElement.click(RemoteWebElement.java:79)
	at sun.reflect.GeneratedMethodAccessor7.invoke(Unknown Source)
	at sun.reflect.DelegatingMethodAccessorImpl.invoke(Unknown Source)
	at java.lang.reflect.Method.invoke(Unknown Source)
	at org.openqa.selenium.support.pagefactory.internal.LocatingElementHandler.invoke(LocatingElementHandler.java:50)
	at com.sun.proxy.$Proxy7.click(Unknown Source)
	at fasp.PayAccredit.po.PuTongZhuanZhangInput.SaveButton(PuTongZhuanZhangInput.java:646)
	at fasp.PayAccredit.po.test.PuTongZhuanZhangInputTest.inputMessage(PuTongZhuanZhangInputTest.java:258)
	at sun.reflect.NativeMethodAccessorImpl.invoke0(Native Method)
	at sun.reflect.NativeMethodAccessorImpl.invoke(Unknown Source)
	at sun.reflect.DelegatingMethodAccessorImpl.invoke(Unknown Source)
	at java.lang.reflect.Method.invoke(Unknown Source)
	at org.testng.internal.MethodInvocationHelper.invokeMethod(MethodInvocationHelper.java:84)
	at org.testng.internal.Invoker.invokeMethod(Invoker.java:714)
	at org.testng.internal.Invoker.invokeTestMethod(Invoker.java:901)
	at org.testng.internal.Invoker.invokeTestMethods(Invoker.java:1231)
	at org.testng.internal.TestMethodWorker.invokeTestMethods(TestMethodWorker.java:127)
	at org.testng.internal.TestMethodWorker.run(TestMethodWorker.java:111)
	at org.testng.TestRunner.privateRun(TestRunner.java:767)
	at org.testng.TestRunner.run(TestRunner.java:617)
	at org.testng.SuiteRunner.runTest(SuiteRunner.java:334)
	at org.testng.SuiteRunner.runSequentially(SuiteRunner.java:329)
	at org.testng.SuiteRunner.privateRun(SuiteRunner.java:291)
	at org.testng.SuiteRunner.run(SuiteRunner.java:240)
	at org.testng.SuiteRunnerWorker.runSuite(SuiteRunnerWorker.java:52)
	at org.testng.SuiteRunnerWorker.run(SuiteRunnerWorker.java:86)
	at org.testng.TestNG.runSuitesSequentially(TestNG.java:1224)
	at org.testng.TestNG.runSuitesLocally(TestNG.java:1149)
	at org.testng.TestNG.run(TestNG.java:1057)
	at org.testng.remote.AbstractRemoteTestNG.run(AbstractRemoteTestNG.java:132)
	at org.testng.remote.RemoteTestNG.initAndRun(RemoteTestNG.java:236)
	at org.testng.remote.RemoteTestNG.main(RemoteTestNG.java:81)
</pre></div></td>
<td>2205</td>
<td>fasp.PayAccredit.po.test.PuTongZhuanZhangInputTest@c0335d</td></tr>
</table><p>
<table width='100%' border='1' class='invocation-passed'>
<tr><td colspan='4' align='center'><b>PASSED TESTS</b></td></tr>
<tr><td><b>Test method</b></td>
<td width="30%"><b>Exception</b></td>
<td width="10%"><b>Time (seconds)</b></td>
<td><b>Instance</b></td>
</tr>
<tr>
<td title='fasp.PayAccredit.po.test.PuTongZhuanZhangInputTest.GaoJiChaXun()'><b>GaoJiChaXun</b><br>Test class: fasp.PayAccredit.po.test.PuTongZhuanZhangInputTest</td>
<td></td>
<td>0</td>
<td>fasp.PayAccredit.po.test.PuTongZhuanZhangInputTest@c0335d</td></tr>
<tr>
<td title='fasp.PayAccredit.po.test.PuTongZhuanZhangInputTest.IWantPayButton()'><b>IWantPayButton</b><br>Test class: fasp.PayAccredit.po.test.PuTongZhuanZhangInputTest</td>
<td></td>
<td>0</td>
<td>fasp.PayAccredit.po.test.PuTongZhuanZhangInputTest@c0335d</td></tr>
<tr>
<td title='fasp.PayAccredit.po.test.PuTongZhuanZhangInputTest.JumpmenuFrame()'><b>JumpmenuFrame</b><br>Test class: fasp.PayAccredit.po.test.PuTongZhuanZhangInputTest</td>
<td></td>
<td>0</td>
<td>fasp.PayAccredit.po.test.PuTongZhuanZhangInputTest@c0335d</td></tr>
<tr>
<td title='fasp.PayAccredit.po.test.PuTongZhuanZhangInputTest.LianXunButton()'><b>LianXunButton</b><br>Test class: fasp.PayAccredit.po.test.PuTongZhuanZhangInputTest</td>
<td></td>
<td>0</td>
<td>fasp.PayAccredit.po.test.PuTongZhuanZhangInputTest@c0335d</td></tr>
<tr>
<td title='fasp.PayAccredit.po.test.PuTongZhuanZhangInputTest.Sleep20()'><b>Sleep20</b><br>Test class: fasp.PayAccredit.po.test.PuTongZhuanZhangInputTest</td>
<td></td>
<td>20</td>
<td>fasp.PayAccredit.po.test.PuTongZhuanZhangInputTest@c0335d</td></tr>
<tr>
<td title='fasp.PayAccredit.po.test.PuTongZhuanZhangInputTest.Sleep5()'><b>Sleep5</b><br>Test class: fasp.PayAccredit.po.test.PuTongZhuanZhangInputTest</td>
<td></td>
<td>5</td>
<td>fasp.PayAccredit.po.test.PuTongZhuanZhangInputTest@c0335d</td></tr>
<tr>
<td title='fasp.PayAccredit.po.test.PuTongZhuanZhangInputTest.TestButton()'><b>TestButton</b><br>Test class: fasp.PayAccredit.po.test.PuTongZhuanZhangInputTest</td>
<td></td>
<td>0</td>
<td>fasp.PayAccredit.po.test.PuTongZhuanZhangInputTest@c0335d</td></tr>
<tr>
<td title='fasp.PayAccredit.po.test.PuTongZhuanZhangInputTest.XianJinYeWuButton()'><b>XianJinYeWuButton</b><br>Test class: fasp.PayAccredit.po.test.PuTongZhuanZhangInputTest</td>
<td></td>
<td>3</td>
<td>fasp.PayAccredit.po.test.PuTongZhuanZhangInputTest@c0335d</td></tr>
<tr>
<td title='fasp.PayAccredit.po.test.PuTongZhuanZhangInputTest.ZhiBiaoChoose()'><b>ZhiBiaoChoose</b><br>Test class: fasp.PayAccredit.po.test.PuTongZhuanZhangInputTest</td>
<td></td>
<td>0</td>
<td>fasp.PayAccredit.po.test.PuTongZhuanZhangInputTest@c0335d</td></tr>
<tr>
<td title='fasp.PayAccredit.po.test.PuTongZhuanZhangInputTest.menuFrameXianJin()'><b>menuFrameXianJin</b><br>Test class: fasp.PayAccredit.po.test.PuTongZhuanZhangInputTest</td>
<td></td>
<td>0</td>
<td>fasp.PayAccredit.po.test.PuTongZhuanZhangInputTest@c0335d</td></tr>
<tr>
<td title='fasp.PayAccredit.po.test.PuTongZhuanZhangInputTest.menuFrameZhuYe()'><b>menuFrameZhuYe</b><br>Test class: fasp.PayAccredit.po.test.PuTongZhuanZhangInputTest</td>
<td></td>
<td>0</td>
<td>fasp.PayAccredit.po.test.PuTongZhuanZhangInputTest@c0335d</td></tr>
</table><p>
</body>
</html>