<?xml version="1.0" encoding="UTF-8"?>
<testng-results skipped="0" failed="2" total="15" passed="13">
  <reporter-output>
  </reporter-output>
  <suite name="登录系统测试用例" duration-ms="2252427" started-at="2018-11-29T01:45:08Z" finished-at="2018-11-29T02:22:40Z">
    <groups>
    </groups>
    <test name="登录单位经办岗" duration-ms="16565" started-at="2018-11-29T01:45:08Z" finished-at="2018-11-29T01:45:25Z">
      <class name="fasp.common.po.test.LoginPageTest">
        <test-method status="PASS" signature="setup()[pri:0, instance:fasp.common.po.test.LoginPageTest@497e4b]" name="setup" is-config="true" duration-ms="5651" started-at="2018-11-29T09:45:08Z" finished-at="2018-11-29T09:45:14Z">
          <reporter-output>
          </reporter-output>
        </test-method> <!-- setup -->
        <test-method status="FAIL" signature="testLogin(java.lang.String, java.lang.String)[pri:0, instance:fasp.common.po.test.LoginPageTest@497e4b]" name="testLogin" duration-ms="4516" started-at="2018-11-29T09:45:14Z" finished-at="2018-11-29T09:45:18Z">
          <params>
            <param index="0">
              <value>
                <![CDATA[161001052]]>
              </value>
            </param>
            <param index="1">
              <value>
                <![CDATA[1]]>
              </value>
            </param>
          </params>
          <exception class="org.openqa.selenium.StaleElementReferenceException">
            <message>
              <![CDATA[stale element reference: element is not attached to the page document
  (Session info: chrome=70.0.3538.110)
  (Driver info: chromedriver=2.42.591088 (7b2b2dca23cca0862f674758c9a3933e685c27d5),platform=Windows NT 6.1.7601 SP1 x86_64) (WARNING: The server did not provide any stacktrace information)
Command duration or timeout: 659 milliseconds
For documentation on this error, please visit: http://seleniumhq.org/exceptions/stale_element_reference.html
Build info: version: '2.45.0', revision: '32a636c', time: '2015-03-05 22:01:35'
System info: host: 'FuYouXiang', ip: '10.6.228.14', os.name: 'Windows 7', os.arch: 'x86', os.version: '6.1', java.version: '1.7.0_79'
Session ID: 066c1b6f0331659950c543b3ae23643a
Driver info: org.openqa.selenium.chrome.ChromeDriver
Capabilities [{platform=XP, javascriptEnabled=true, acceptSslCerts=false, browserName=chrome, chrome={userDataDir=C:\Users\ADMINI~1\AppData\Local\Temp\scoped_dir89300_6455, chromedriverVersion=2.42.591088 (7b2b2dca23cca0862f674758c9a3933e685c27d5)}, networkConnectionEnabled=false, unexpectedAlertBehaviour=, rotatable=false, locationContextEnabled=true, mobileEmulationEnabled=false, setWindowRect=true, goog:chromeOptions={debuggerAddress=localhost:59725}, version=70.0.3538.110, pageLoadStrategy=normal, takesHeapSnapshot=true, databaseEnabled=false, cssSelectorsEnabled=true, handlesAlerts=true, browserConnectionEnabled=false, nativeEvents=true, webStorageEnabled=true, hasTouchScreen=false, applicationCacheEnabled=false, takesScreenshot=true, acceptInsecureCerts=false}]]]>
            </message>
            <full-stacktrace>
              <![CDATA[org.openqa.selenium.StaleElementReferenceException: stale element reference: element is not attached to the page document
  (Session info: chrome=70.0.3538.110)
  (Driver info: chromedriver=2.42.591088 (7b2b2dca23cca0862f674758c9a3933e685c27d5),platform=Windows NT 6.1.7601 SP1 x86_64) (WARNING: The server did not provide any stacktrace information)
Command duration or timeout: 659 milliseconds
For documentation on this error, please visit: http://seleniumhq.org/exceptions/stale_element_reference.html
Build info: version: '2.45.0', revision: '32a636c', time: '2015-03-05 22:01:35'
System info: host: 'FuYouXiang', ip: '10.6.228.14', os.name: 'Windows 7', os.arch: 'x86', os.version: '6.1', java.version: '1.7.0_79'
Session ID: 066c1b6f0331659950c543b3ae23643a
Driver info: org.openqa.selenium.chrome.ChromeDriver
Capabilities [{platform=XP, javascriptEnabled=true, acceptSslCerts=false, browserName=chrome, chrome={userDataDir=C:\Users\ADMINI~1\AppData\Local\Temp\scoped_dir89300_6455, chromedriverVersion=2.42.591088 (7b2b2dca23cca0862f674758c9a3933e685c27d5)}, networkConnectionEnabled=false, unexpectedAlertBehaviour=, rotatable=false, locationContextEnabled=true, mobileEmulationEnabled=false, setWindowRect=true, goog:chromeOptions={debuggerAddress=localhost:59725}, version=70.0.3538.110, pageLoadStrategy=normal, takesHeapSnapshot=true, databaseEnabled=false, cssSelectorsEnabled=true, handlesAlerts=true, browserConnectionEnabled=false, nativeEvents=true, webStorageEnabled=true, hasTouchScreen=false, applicationCacheEnabled=false, takesScreenshot=true, acceptInsecureCerts=false}]
	at sun.reflect.NativeConstructorAccessorImpl.newInstance0(Native Method)
	at sun.reflect.NativeConstructorAccessorImpl.newInstance(Unknown Source)
	at sun.reflect.DelegatingConstructorAccessorImpl.newInstance(Unknown Source)
	at java.lang.reflect.Constructor.newInstance(Unknown Source)
	at org.openqa.selenium.remote.ErrorHandler.createThrowable(ErrorHandler.java:204)
	at org.openqa.selenium.remote.ErrorHandler.throwIfResponseFailed(ErrorHandler.java:156)
	at org.openqa.selenium.remote.RemoteWebDriver.execute(RemoteWebDriver.java:599)
	at org.openqa.selenium.remote.RemoteWebElement.execute(RemoteWebElement.java:268)
	at org.openqa.selenium.remote.RemoteWebElement.click(RemoteWebElement.java:79)
	at sun.reflect.NativeMethodAccessorImpl.invoke0(Native Method)
	at sun.reflect.NativeMethodAccessorImpl.invoke(Unknown Source)
	at sun.reflect.DelegatingMethodAccessorImpl.invoke(Unknown Source)
	at java.lang.reflect.Method.invoke(Unknown Source)
	at org.openqa.selenium.support.pagefactory.internal.LocatingElementHandler.invoke(LocatingElementHandler.java:50)
	at com.sun.proxy.$Proxy7.click(Unknown Source)
	at fasp.common.po.LoginPage.login(LoginPage.java:96)
	at fasp.common.po.test.LoginPageTest.testLogin(LoginPageTest.java:37)
	at sun.reflect.NativeMethodAccessorImpl.invoke0(Native Method)
	at sun.reflect.NativeMethodAccessorImpl.invoke(Unknown Source)
	at sun.reflect.DelegatingMethodAccessorImpl.invoke(Unknown Source)
	at java.lang.reflect.Method.invoke(Unknown Source)
	at org.testng.internal.MethodInvocationHelper.invokeMethod(MethodInvocationHelper.java:84)
	at org.testng.internal.Invoker.invokeMethod(Invoker.java:714)
	at org.testng.internal.Invoker.invokeTestMethod(Invoker.java:901)
	at org.testng.internal.Invoker.invokeTestMethods(Invoker.java:1231)
	at org.testng.internal.TestMethodWorker.invokeTestMethods(TestMethodWorker.java:127)
	at org.testng.internal.TestMethodWorker.run(TestMethodWorker.java:111)
	at org.testng.TestRunner.privateRun(TestRunner.java:767)
	at org.testng.TestRunner.run(TestRunner.java:617)
	at org.testng.SuiteRunner.runTest(SuiteRunner.java:334)
	at org.testng.SuiteRunner.runSequentially(SuiteRunner.java:329)
	at org.testng.SuiteRunner.privateRun(SuiteRunner.java:291)
	at org.testng.SuiteRunner.run(SuiteRunner.java:240)
	at org.testng.SuiteRunnerWorker.runSuite(SuiteRunnerWorker.java:52)
	at org.testng.SuiteRunnerWorker.run(SuiteRunnerWorker.java:86)
	at org.testng.TestNG.runSuitesSequentially(TestNG.java:1224)
	at org.testng.TestNG.runSuitesLocally(TestNG.java:1149)
	at org.testng.TestNG.run(TestNG.java:1057)
	at org.testng.remote.AbstractRemoteTestNG.run(AbstractRemoteTestNG.java:132)
	at org.testng.remote.RemoteTestNG.initAndRun(RemoteTestNG.java:236)
	at org.testng.remote.RemoteTestNG.main(RemoteTestNG.java:81)
]]>
            </full-stacktrace>
          </exception> <!-- org.openqa.selenium.StaleElementReferenceException -->
          <reporter-output>
          </reporter-output>
        </test-method> <!-- testLogin -->
        <test-method status="PASS" signature="Sleep5()[pri:0, instance:fasp.common.po.test.LoginPageTest@497e4b]" name="Sleep5" duration-ms="5003" started-at="2018-11-29T09:45:18Z" finished-at="2018-11-29T09:45:23Z">
          <reporter-output>
          </reporter-output>
        </test-method> <!-- Sleep5 -->
        <test-method status="PASS" signature="MenHuXuanZe()[pri:0, instance:fasp.common.po.test.LoginPageTest@497e4b]" name="MenHuXuanZe" duration-ms="1358" started-at="2018-11-29T09:45:23Z" finished-at="2018-11-29T09:45:25Z">
          <reporter-output>
          </reporter-output>
        </test-method> <!-- MenHuXuanZe -->
      </class> <!-- fasp.common.po.test.LoginPageTest -->
    </test> <!-- 登录单位经办岗 -->
    <test name="普通录入" duration-ms="2235824" started-at="2018-11-29T01:45:25Z" finished-at="2018-11-29T02:22:40Z">
      <class name="fasp.PayAccredit.po.test.PuTongZhuanZhangInputTest">
        <test-method status="PASS" signature="setup()[pri:0, instance:fasp.PayAccredit.po.test.PuTongZhuanZhangInputTest@c0335d]" name="setup" is-config="true" duration-ms="5" started-at="2018-11-29T09:45:25Z" finished-at="2018-11-29T09:45:25Z">
          <reporter-output>
          </reporter-output>
        </test-method> <!-- setup -->
        <test-method status="PASS" signature="Sleep20()[pri:0, instance:fasp.PayAccredit.po.test.PuTongZhuanZhangInputTest@c0335d]" name="Sleep20" duration-ms="20001" started-at="2018-11-29T09:45:25Z" finished-at="2018-11-29T09:45:45Z">
          <reporter-output>
          </reporter-output>
        </test-method> <!-- Sleep20 -->
        <test-method status="PASS" signature="menuFrameZhuYe()[pri:0, instance:fasp.PayAccredit.po.test.PuTongZhuanZhangInputTest@c0335d]" name="menuFrameZhuYe" duration-ms="51" started-at="2018-11-29T09:45:45Z" finished-at="2018-11-29T09:45:45Z">
          <reporter-output>
          </reporter-output>
        </test-method> <!-- menuFrameZhuYe -->
        <test-method status="PASS" signature="TestButton()[pri:0, instance:fasp.PayAccredit.po.test.PuTongZhuanZhangInputTest@c0335d]" name="TestButton" duration-ms="206" started-at="2018-11-29T09:45:45Z" finished-at="2018-11-29T09:45:45Z">
          <reporter-output>
          </reporter-output>
        </test-method> <!-- TestButton -->
        <test-method status="PASS" signature="IWantPayButton()[pri:0, instance:fasp.PayAccredit.po.test.PuTongZhuanZhangInputTest@c0335d]" name="IWantPayButton" duration-ms="397" started-at="2018-11-29T09:45:45Z" finished-at="2018-11-29T09:45:45Z">
          <reporter-output>
          </reporter-output>
        </test-method> <!-- IWantPayButton -->
        <test-method status="PASS" signature="XianJinYeWuButton()[pri:0, instance:fasp.PayAccredit.po.test.PuTongZhuanZhangInputTest@c0335d]" name="XianJinYeWuButton" duration-ms="3403" started-at="2018-11-29T09:45:45Z" finished-at="2018-11-29T09:45:49Z">
          <reporter-output>
          </reporter-output>
        </test-method> <!-- XianJinYeWuButton -->
        <test-method status="PASS" signature="JumpmenuFrame()[pri:0, instance:fasp.PayAccredit.po.test.PuTongZhuanZhangInputTest@c0335d]" name="JumpmenuFrame" duration-ms="49" started-at="2018-11-29T09:45:49Z" finished-at="2018-11-29T09:45:49Z">
          <reporter-output>
          </reporter-output>
        </test-method> <!-- JumpmenuFrame -->
        <test-method status="PASS" signature="menuFrameXianJin()[pri:0, instance:fasp.PayAccredit.po.test.PuTongZhuanZhangInputTest@c0335d]" name="menuFrameXianJin" duration-ms="58" started-at="2018-11-29T09:45:49Z" finished-at="2018-11-29T09:45:49Z">
          <reporter-output>
          </reporter-output>
        </test-method> <!-- menuFrameXianJin -->
        <test-method status="PASS" signature="Sleep5()[pri:0, instance:fasp.PayAccredit.po.test.PuTongZhuanZhangInputTest@c0335d]" name="Sleep5" duration-ms="5001" started-at="2018-11-29T09:45:49Z" finished-at="2018-11-29T09:45:54Z">
          <reporter-output>
          </reporter-output>
        </test-method> <!-- Sleep5 -->
        <test-method status="PASS" signature="GaoJiChaXun()[pri:0, instance:fasp.PayAccredit.po.test.PuTongZhuanZhangInputTest@c0335d]" name="GaoJiChaXun" duration-ms="179" started-at="2018-11-29T09:45:54Z" finished-at="2018-11-29T09:45:54Z">
          <reporter-output>
          </reporter-output>
        </test-method> <!-- GaoJiChaXun -->
        <test-method status="PASS" signature="ZhiBiaoChoose()[pri:0, instance:fasp.PayAccredit.po.test.PuTongZhuanZhangInputTest@c0335d]" name="ZhiBiaoChoose" duration-ms="350" started-at="2018-11-29T09:45:54Z" finished-at="2018-11-29T09:45:54Z">
          <reporter-output>
          </reporter-output>
        </test-method> <!-- ZhiBiaoChoose -->
        <test-method status="PASS" signature="LianXunButton()[pri:0, instance:fasp.PayAccredit.po.test.PuTongZhuanZhangInputTest@c0335d]" name="LianXunButton" duration-ms="114" started-at="2018-11-29T09:45:54Z" finished-at="2018-11-29T09:45:54Z">
          <reporter-output>
          </reporter-output>
        </test-method> <!-- LianXunButton -->
        <test-method status="FAIL" signature="inputMessage(java.lang.Integer, java.lang.String, java.lang.String, java.lang.String, java.lang.String, java.lang.String)[pri:0, instance:fasp.PayAccredit.po.test.PuTongZhuanZhangInputTest@c0335d]" name="inputMessage" duration-ms="2205988" started-at="2018-11-29T09:45:54Z" finished-at="2018-11-29T10:22:40Z">
          <params>
            <param index="0">
              <value>
                <![CDATA[10000]]>
              </value>
            </param>
            <param index="1">
              <value>
                <![CDATA[1.11]]>
              </value>
            </param>
            <param index="2">
              <value>
                <![CDATA[付有翔自动化测试摘要]]>
              </value>
            </param>
            <param index="3">
              <value>
                <![CDATA[自动化测试账户]]>
              </value>
            </param>
            <param index="4">
              <value>
                <![CDATA[12345678901234]]>
              </value>
            </param>
            <param index="5">
              <value>
                <![CDATA[中国农业银行济南市和平支行泺源分理处]]>
              </value>
            </param>
          </params>
          <exception class="org.openqa.selenium.WebDriverException">
            <message>
              <![CDATA[unknown error: Element <button type="button" class="btn btn-primary" onclick="saveBillData1('PT')">...</button> is not clickable at point (1766, 424). Other element would receive the click: <div id="config-modal" class="bs-modal-sm">...</div>
  (Session info: chrome=70.0.3538.110)
  (Driver info: chromedriver=2.42.591088 (7b2b2dca23cca0862f674758c9a3933e685c27d5),platform=Windows NT 6.1.7601 SP1 x86_64) (WARNING: The server did not provide any stacktrace information)
Command duration or timeout: 47 milliseconds
Build info: version: '2.45.0', revision: '32a636c', time: '2015-03-05 22:01:35'
System info: host: 'FuYouXiang', ip: '10.6.228.14', os.name: 'Windows 7', os.arch: 'x86', os.version: '6.1', java.version: '1.7.0_79'
Session ID: 066c1b6f0331659950c543b3ae23643a
Driver info: org.openqa.selenium.chrome.ChromeDriver
Capabilities [{platform=XP, javascriptEnabled=true, acceptSslCerts=false, browserName=chrome, chrome={userDataDir=C:\Users\ADMINI~1\AppData\Local\Temp\scoped_dir89300_6455, chromedriverVersion=2.42.591088 (7b2b2dca23cca0862f674758c9a3933e685c27d5)}, networkConnectionEnabled=false, unexpectedAlertBehaviour=, rotatable=false, locationContextEnabled=true, mobileEmulationEnabled=false, setWindowRect=true, goog:chromeOptions={debuggerAddress=localhost:59725}, version=70.0.3538.110, pageLoadStrategy=normal, takesHeapSnapshot=true, databaseEnabled=false, cssSelectorsEnabled=true, handlesAlerts=true, browserConnectionEnabled=false, nativeEvents=true, webStorageEnabled=true, hasTouchScreen=false, applicationCacheEnabled=false, takesScreenshot=true, acceptInsecureCerts=false}]]]>
            </message>
            <full-stacktrace>
              <![CDATA[org.openqa.selenium.WebDriverException: unknown error: Element <button type="button" class="btn btn-primary" onclick="saveBillData1('PT')">...</button> is not clickable at point (1766, 424). Other element would receive the click: <div id="config-modal" class="bs-modal-sm">...</div>
  (Session info: chrome=70.0.3538.110)
  (Driver info: chromedriver=2.42.591088 (7b2b2dca23cca0862f674758c9a3933e685c27d5),platform=Windows NT 6.1.7601 SP1 x86_64) (WARNING: The server did not provide any stacktrace information)
Command duration or timeout: 47 milliseconds
Build info: version: '2.45.0', revision: '32a636c', time: '2015-03-05 22:01:35'
System info: host: 'FuYouXiang', ip: '10.6.228.14', os.name: 'Windows 7', os.arch: 'x86', os.version: '6.1', java.version: '1.7.0_79'
Session ID: 066c1b6f0331659950c543b3ae23643a
Driver info: org.openqa.selenium.chrome.ChromeDriver
Capabilities [{platform=XP, javascriptEnabled=true, acceptSslCerts=false, browserName=chrome, chrome={userDataDir=C:\Users\ADMINI~1\AppData\Local\Temp\scoped_dir89300_6455, chromedriverVersion=2.42.591088 (7b2b2dca23cca0862f674758c9a3933e685c27d5)}, networkConnectionEnabled=false, unexpectedAlertBehaviour=, rotatable=false, locationContextEnabled=true, mobileEmulationEnabled=false, setWindowRect=true, goog:chromeOptions={debuggerAddress=localhost:59725}, version=70.0.3538.110, pageLoadStrategy=normal, takesHeapSnapshot=true, databaseEnabled=false, cssSelectorsEnabled=true, handlesAlerts=true, browserConnectionEnabled=false, nativeEvents=true, webStorageEnabled=true, hasTouchScreen=false, applicationCacheEnabled=false, takesScreenshot=true, acceptInsecureCerts=false}]
	at sun.reflect.NativeConstructorAccessorImpl.newInstance0(Native Method)
	at sun.reflect.NativeConstructorAccessorImpl.newInstance(Unknown Source)
	at sun.reflect.DelegatingConstructorAccessorImpl.newInstance(Unknown Source)
	at java.lang.reflect.Constructor.newInstance(Unknown Source)
	at org.openqa.selenium.remote.ErrorHandler.createThrowable(ErrorHandler.java:204)
	at org.openqa.selenium.remote.ErrorHandler.throwIfResponseFailed(ErrorHandler.java:156)
	at org.openqa.selenium.remote.RemoteWebDriver.execute(RemoteWebDriver.java:599)
	at org.openqa.selenium.remote.RemoteWebElement.execute(RemoteWebElement.java:268)
	at org.openqa.selenium.remote.RemoteWebElement.click(RemoteWebElement.java:79)
	at sun.reflect.GeneratedMethodAccessor7.invoke(Unknown Source)
	at sun.reflect.DelegatingMethodAccessorImpl.invoke(Unknown Source)
	at java.lang.reflect.Method.invoke(Unknown Source)
	at org.openqa.selenium.support.pagefactory.internal.LocatingElementHandler.invoke(LocatingElementHandler.java:50)
	at com.sun.proxy.$Proxy7.click(Unknown Source)
	at fasp.PayAccredit.po.PuTongZhuanZhangInput.SaveButton(PuTongZhuanZhangInput.java:646)
	at fasp.PayAccredit.po.test.PuTongZhuanZhangInputTest.inputMessage(PuTongZhuanZhangInputTest.java:258)
	at sun.reflect.NativeMethodAccessorImpl.invoke0(Native Method)
	at sun.reflect.NativeMethodAccessorImpl.invoke(Unknown Source)
	at sun.reflect.DelegatingMethodAccessorImpl.invoke(Unknown Source)
	at java.lang.reflect.Method.invoke(Unknown Source)
	at org.testng.internal.MethodInvocationHelper.invokeMethod(MethodInvocationHelper.java:84)
	at org.testng.internal.Invoker.invokeMethod(Invoker.java:714)
	at org.testng.internal.Invoker.invokeTestMethod(Invoker.java:901)
	at org.testng.internal.Invoker.invokeTestMethods(Invoker.java:1231)
	at org.testng.internal.TestMethodWorker.invokeTestMethods(TestMethodWorker.java:127)
	at org.testng.internal.TestMethodWorker.run(TestMethodWorker.java:111)
	at org.testng.TestRunner.privateRun(TestRunner.java:767)
	at org.testng.TestRunner.run(TestRunner.java:617)
	at org.testng.SuiteRunner.runTest(SuiteRunner.java:334)
	at org.testng.SuiteRunner.runSequentially(SuiteRunner.java:329)
	at org.testng.SuiteRunner.privateRun(SuiteRunner.java:291)
	at org.testng.SuiteRunner.run(SuiteRunner.java:240)
	at org.testng.SuiteRunnerWorker.runSuite(SuiteRunnerWorker.java:52)
	at org.testng.SuiteRunnerWorker.run(SuiteRunnerWorker.java:86)
	at org.testng.TestNG.runSuitesSequentially(TestNG.java:1224)
	at org.testng.TestNG.runSuitesLocally(TestNG.java:1149)
	at org.testng.TestNG.run(TestNG.java:1057)
	at org.testng.remote.AbstractRemoteTestNG.run(AbstractRemoteTestNG.java:132)
	at org.testng.remote.RemoteTestNG.initAndRun(RemoteTestNG.java:236)
	at org.testng.remote.RemoteTestNG.main(RemoteTestNG.java:81)
]]>
            </full-stacktrace>
          </exception> <!-- org.openqa.selenium.WebDriverException -->
          <reporter-output>
          </reporter-output>
        </test-method> <!-- inputMessage -->
      </class> <!-- fasp.PayAccredit.po.test.PuTongZhuanZhangInputTest -->
    </test> <!-- 普通录入 -->
  </suite> <!-- 登录系统测试用例 -->
</testng-results>
