<?xml version="1.0" encoding="UTF-8"?>
<!-- Generated by org.testng.reporters.JUnitReportReporter -->
<testsuite hostname="dengzf" name="zichan.po.test.ConfirmPageTest" tests="2" failures="1" timestamp="24 Mar 2017 05:20:45 GMT" time="0.434" errors="0">
  <testcase name="testAssertEquals" time="0.000" classname="zichan.po.test.ConfirmPageTest">
    <failure type="org.testng.TestNGException" message="
Parameter &#039;expectedMsg&#039; is required by @Test on method testAssertEquals but has not been marked @Optional or defined
in D:\workspacenew\autotest\src\zichan\testcases\sysElement.xml">
      <![CDATA[org.testng.TestNGException: 
Parameter 'expectedMsg' is required by @Test on method testAssertEquals but has not been marked @Optional or defined
in D:\workspacenew\autotest\src\zichan\testcases\sysElement.xml
	at org.testng.internal.Parameters.createParameters(Parameters.java:155)
	at org.testng.internal.Parameters.createParameters(Parameters.java:358)
	at org.testng.internal.Parameters.handleParameters(Parameters.java:450)
	at org.testng.internal.Invoker.handleParameters(Invoker.java:1383)
	at org.testng.internal.Invoker.createParameters(Invoker.java:1075)
	at org.testng.internal.Invoker.invokeTestMethods(Invoker.java:1180)
	at org.testng.internal.TestMethodWorker.invokeTestMethods(TestMethodWorker.java:127)
	at org.testng.internal.TestMethodWorker.run(TestMethodWorker.java:111)
	at org.testng.TestRunner.privateRun(TestRunner.java:767)
	at org.testng.TestRunner.run(TestRunner.java:617)
	at org.testng.SuiteRunner.runTest(SuiteRunner.java:334)
	at org.testng.SuiteRunner.runSequentially(SuiteRunner.java:329)
	at org.testng.SuiteRunner.privateRun(SuiteRunner.java:291)
	at org.testng.SuiteRunner.run(SuiteRunner.java:240)
	at org.testng.SuiteRunnerWorker.runSuite(SuiteRunnerWorker.java:52)
	at org.testng.SuiteRunnerWorker.run(SuiteRunnerWorker.java:86)
	at org.testng.TestNG.runSuitesSequentially(TestNG.java:1224)
	at org.testng.TestNG.runSuitesLocally(TestNG.java:1149)
	at org.testng.TestNG.run(TestNG.java:1057)
	at org.testng.remote.AbstractRemoteTestNG.run(AbstractRemoteTestNG.java:132)
	at org.testng.remote.RemoteTestNG.initAndRun(RemoteTestNG.java:236)
	at org.testng.remote.RemoteTestNG.main(RemoteTestNG.java:81)
]]>
    </failure>
  </testcase> <!-- testAssertEquals -->
  <testcase name="testclickConfirmBtn" time="0.434" classname="zichan.po.test.ConfirmPageTest"/>
</testsuite> <!-- zichan.po.test.ConfirmPageTest -->
